Arguments: 
  /usr/bin/node /usr/local/bin/yarn add -D @typescript-eslint/eslint-plugin eslint @typescript-eslint/parser

PATH: 
  /home/monamour/.local/bin:/usr/local/sbin:/usr/local/bin:/usr/sbin:/usr/bin:/sbin:/bin:/usr/games:/usr/local/games:/snap/bin:/snap/bin

Yarn version: 
  1.22.11

Node version: 
  12.21.0

Platform: 
  linux x64

Trace: 
  Error: EACCES: permission denied, unlink '/home/monamour/Documentos/note-typescript-api/node_modules/.yarn-integrity'

npm manifest: 
  {
    "name": "note-typescript-api",
    "version": "1.0.0",
    "description": "Typescript api",
    "main": "index.js",
    "scripts": {
      "build": "tsc",
      "start": "yarn build && node dist/src/index.js",
      "test": "echo \"Error: no test specified\" && exit 1"
    },
    "keywords": [
      "nodejs.typescript.api"
    ],
    "author": "Tiago Sardi",
    "license": "ISC",
    "devDependencies": {
      "@types/module-alias": "^2.0.1",
      "@types/node": "^16.7.8",
      "typescript": "^4.4.2"
    },
    "dependencies": {
      "module-alias": "^2.2.2"
    }
  }

yarn manifest: 
  No manifest

Lockfile: 
  # THIS IS AN AUTOGENERATED FILE. DO NOT EDIT THIS FILE DIRECTLY.
  # yarn lockfile v1
  
  
  "@types/module-alias@^2.0.1":
    version "2.0.1"
    resolved "https://registry.yarnpkg.com/@types/module-alias/-/module-alias-2.0.1.tgz#e5893236ce922152d57c5f3f978f764f4deeb45f"
    integrity sha512-DN/CCT1HQG6HquBNJdLkvV+4v5l/oEuwOHUPLxI+Eub0NED+lk0YUfba04WGH90EINiUrNgClkNnwGmbICeWMQ==
  
  "@types/node@^16.7.8":
    version "16.7.8"
    resolved "https://registry.yarnpkg.com/@types/node/-/node-16.7.8.tgz#2448be5f24fe6b77114632b6350fcd219334651e"
    integrity sha512-8upnoQU0OPzbIkm+ZMM0zCeFCkw2s3mS0IWdx0+AAaWqm4fkBb0UJp8Edl7FVKRamYbpJC/aVsHpKWBIbiC7Zg==
  
  module-alias@^2.2.2:
    version "2.2.2"
    resolved "https://registry.yarnpkg.com/module-alias/-/module-alias-2.2.2.tgz#151cdcecc24e25739ff0aa6e51e1c5716974c0e0"
    integrity sha512-A/78XjoX2EmNvppVWEhM2oGk3x4lLxnkEA4jTbaK97QKSDjkIoOsKQlfylt/d3kKKi596Qy3NP5XrXJ6fZIC9Q==
  
  typescript@^4.4.2:
    version "4.4.2"
    resolved "https://registry.yarnpkg.com/typescript/-/typescript-4.4.2.tgz#6d618640d430e3569a1dfb44f7d7e600ced3ee86"
    integrity sha512-gzP+t5W4hdy4c+68bfcv0t400HVJMMd2+H9B7gae1nQlBzCqvrXX+6GL/b3GAgyTH966pzrZ70/fRjwAtZksSQ==
